Arguments: 
  /home/jafet/.nvm/versions/node/v16.14.2/bin/node /usr/bin/yarn publish

PATH: 
  /home/jafet/jafet/my-git-commands:/home/jafet/.nvm/versions/node/v16.14.2/bin:/home/jafet/jafet/my-git-commands:/home/jafet/.zinit/polaris/bin:/home/jafet/.local/bin:/usr/local/sbin:/usr/local/bin:/usr/sbin:/usr/bin:/sbin:/bin:/usr/games:/usr/local/games:/snap/bin:/opt/oracle/instantclient_19_8

Yarn version: 
  1.22.10

Node version: 
  16.14.2

Platform: 
  linux x64

Trace: 
  Error: https://registry.yarnpkg.com/-/user/org.couchdb.user:jafetguerra: Auth rate limited
      at Request.params.callback [as _callback] (/usr/lib/node_modules/yarn/lib/cli.js:66997:18)
      at Request.self.callback (/usr/lib/node_modules/yarn/lib/cli.js:140662:22)
      at Request.emit (node:events:526:28)
      at Request.<anonymous> (/usr/lib/node_modules/yarn/lib/cli.js:141634:10)
      at Request.emit (node:events:526:28)
      at IncomingMessage.<anonymous> (/usr/lib/node_modules/yarn/lib/cli.js:141556:12)
      at Object.onceWrapper (node:events:645:28)
      at IncomingMessage.emit (node:events:538:35)
      at endReadableNT (node:internal/streams/readable:1345:12)
      at processTicksAndRejections (node:internal/process/task_queues:83:21)

npm manifest: 
  {
    "name": "fastquery-builder",
    "version": "1.0.0",
    "description": "Make your query fast and build it easly",
    "main": "index.js",
    "repository": "git@github.com:3fydev/fastquery.git",
    "keywords": [
      "fast",
      "query",
      "clickhouse",
      "mysql",
      "performance"
    ],
    "author": "Jafet <jafet.fagundes@3fy.com.br>",
    "license": "MIT"
  }

yarn manifest: 
  No manifest

Lockfile: 
  No lockfile
